0 info it worked if it ends with ok
1 verbose cli [ '/usr/local/Cellar/node/5.5.0/bin/node',
1 verbose cli   '/usr/local/bin/npm',
1 verbose cli   'publish' ]
2 info using npm@3.5.3
3 info using node@v5.5.0
4 verbose publish [ '.' ]
5 silly cache add args [ '.', null ]
6 verbose cache add spec .
7 silly cache add parsed spec Result {
7 silly cache add   raw: '.',
7 silly cache add   scope: null,
7 silly cache add   name: null,
7 silly cache add   rawSpec: '.',
7 silly cache add   spec: '/Users/jmjmh/Dropbox/react-packages/packages/react-meteor-data',
7 silly cache add   type: 'directory' }
8 verbose addLocalDirectory /Users/jmjmh/.npm/meteor-standalone-react-mixin/0.0.4/package.tgz not in flight; packing
9 info lifecycle meteor-standalone-react-mixin@0.0.4~prepublish: meteor-standalone-react-mixin@0.0.4
10 silly lifecycle meteor-standalone-react-mixin@0.0.4~prepublish: no script for prepublish, continuing
11 verbose tar pack [ '/Users/jmjmh/.npm/meteor-standalone-react-mixin/0.0.4/package.tgz',
11 verbose tar pack   '/Users/jmjmh/Dropbox/react-packages/packages/react-meteor-data' ]
12 verbose tarball /Users/jmjmh/.npm/meteor-standalone-react-mixin/0.0.4/package.tgz
13 verbose folder /Users/jmjmh/Dropbox/react-packages/packages/react-meteor-data
14 verbose addLocalTarball adding from inside cache /Users/jmjmh/.npm/meteor-standalone-react-mixin/0.0.4/package.tgz
15 silly cache afterAdd meteor-standalone-react-mixin@0.0.4
16 verbose afterAdd /Users/jmjmh/.npm/meteor-standalone-react-mixin/0.0.4/package/package.json not in flight; writing
17 verbose afterAdd /Users/jmjmh/.npm/meteor-standalone-react-mixin/0.0.4/package/package.json written
18 silly publish { name: 'meteor-standalone-react-mixin',
18 silly publish   version: '0.0.4',
18 silly publish   description: 'MDG\'s meteor-react mixin moved to a standalone package for use in other frontends',
18 silly publish   main: 'meteor-data-mixin-built.js',
18 silly publish   scripts: { test: 'node meteor-tests-built.js' },
18 silly publish   repository:
18 silly publish    { type: 'git',
18 silly publish      url: 'git+https://github.com/ivanthedeployer/react-packages.git' },
18 silly publish   author: { name: 'ivanthedeployer' },
18 silly publish   license: 'MIT',
18 silly publish   bugs: { url: 'https://github.com/ivanthedeployer/react-packages/issues' },
18 silly publish   homepage: 'https://github.com/ivanthedeployer/react-packages#readme',
18 silly publish   dependencies: { 'meteor-standalone-minimongo': '*' },
18 silly publish   devDependencies:
18 silly publish    { babel: '^6.3.26',
18 silly publish      'babel-cli': '^6.4.5',
18 silly publish      'babel-core': '^6.4.0',
18 silly publish      'babel-preset-es2015': '^6.3.13',
18 silly publish      'babel-preset-react': '^6.3.13',
18 silly publish      'meteor-standalone-npm-shim': '*',
18 silly publish      'meteor-standalone-npm-tinytest': '*',
18 silly publish      react: '^0.14.6',
18 silly publish      'react-dom': '^0.14.6',
18 silly publish      'strict-mode': '^0.4.2',
18 silly publish      underscore: '^1.8.3' },
18 silly publish   readme: '## ReactMeteorData\n\nThis is a standalone version meant for use OUTSIDE of Meteor projects.  It has been minimally modified for installation with NPM and framework-agnostic use.\n\nCheck out the [Todo](https://github.com/ivanthedeployer/reactivetodo) to see how it works\n\nThis mixin is a convenient way to use data from a Meteor reactive data source in a React component, with automatic updates when the data changes.  \n\n`getMeteorData` is a reactive context.  Whatever is returned is available on the React object\'s `.data` property.\n\nMore complete docs available at the [example Todo repo](https://github.com/ivanthedeployer/reactivetodo)\n\n### Quick Example:\n\n```\nTodoApp = React.createClass({\n  mixins: [ReactMeteorData],\n  getMeteorData() {\n    // Reactive context\n    // do all your reactive data access in this method.\n    return {\n      todos: app.Todos.find().fetch(),\n    };\n    // /Reactive context\n  },\n  render() {\n    return <div>\n      <span>{this.data.todos.map(<TodoItem todo={todo}/>)}</span>\n    </div>;\n  }\n});\n```\n\nFor more information, see [the guide](http://react-in-meteor.readthedocs.org/en/latest/meteor-data/).\n\n\n### API\nThis package exposes: \n* LocalCollection\n* Minimongo\n* ReactiveDict\n* ReactiveVar\n* Tracker\n* EJSON\n* ... and more!',
18 silly publish   readmeFilename: 'README.md',
18 silly publish   _id: 'meteor-standalone-react-mixin@0.0.4',
18 silly publish   _shasum: '7edfda466c9ad20695dc0087deb8a9d0115ff0e0',
18 silly publish   _from: '.' }
19 verbose getPublishConfig undefined
20 silly mapToRegistry name meteor-standalone-react-mixin
21 silly mapToRegistry using default registry
22 silly mapToRegistry registry https://registry.npmjs.org/
23 silly mapToRegistry uri https://registry.npmjs.org/meteor-standalone-react-mixin
24 verbose publish registryBase https://registry.npmjs.org/
25 silly publish uploading /Users/jmjmh/.npm/meteor-standalone-react-mixin/0.0.4/package.tgz
26 verbose request uri https://registry.npmjs.org/meteor-standalone-react-mixin
27 verbose request sending authorization for write operation
28 info attempt registry request try #1 at 10:29:23 PM
29 verbose request using bearer token for auth
30 verbose request id 967e21c54fee041a
31 http request PUT https://registry.npmjs.org/meteor-standalone-react-mixin
32 http 403 https://registry.npmjs.org/meteor-standalone-react-mixin
33 verbose headers { 'content-type': 'application/json',
33 verbose headers   'cache-control': 'max-age=300',
33 verbose headers   'content-length': '95',
33 verbose headers   'accept-ranges': 'bytes',
33 verbose headers   date: 'Mon, 01 Feb 2016 06:29:23 GMT',
33 verbose headers   via: '1.1 varnish',
33 verbose headers   connection: 'keep-alive',
33 verbose headers   'x-served-by': 'cache-sjc3127-SJC',
33 verbose headers   'x-cache': 'MISS',
33 verbose headers   'x-cache-hits': '0',
33 verbose headers   'x-timer': 'S1454308163.712091,VS0,VE211' }
34 verbose request invalidating /Users/jmjmh/.npm/registry.npmjs.org/meteor-standalone-react-mixin on PUT
35 error publish Failed PUT 403
36 verbose stack Error: "You cannot publish over the previously published version 0.0.4." : meteor-standalone-react-mixin
36 verbose stack     at makeError (/usr/local/lib/node_modules/npm/node_modules/npm-registry-client/lib/request.js:264:12)
36 verbose stack     at CachingRegistryClient.<anonymous> (/usr/local/lib/node_modules/npm/node_modules/npm-registry-client/lib/request.js:252:14)
36 verbose stack     at Request._callback (/usr/local/lib/node_modules/npm/node_modules/npm-registry-client/lib/request.js:172:14)
36 verbose stack     at Request.self.callback (/usr/local/lib/node_modules/npm/node_modules/request/request.js:198:22)
36 verbose stack     at emitTwo (events.js:100:13)
36 verbose stack     at Request.emit (events.js:185:7)
36 verbose stack     at Request.<anonymous> (/usr/local/lib/node_modules/npm/node_modules/request/request.js:1035:10)
36 verbose stack     at emitOne (events.js:95:20)
36 verbose stack     at Request.emit (events.js:182:7)
36 verbose stack     at IncomingMessage.<anonymous> (/usr/local/lib/node_modules/npm/node_modules/request/request.js:962:12)
37 verbose statusCode 403
38 verbose pkgid meteor-standalone-react-mixin
39 verbose cwd /Users/jmjmh/Dropbox/react-packages/packages/react-meteor-data
40 error Darwin 15.0.0
41 error argv "/usr/local/Cellar/node/5.5.0/bin/node" "/usr/local/bin/npm" "publish"
42 error node v5.5.0
43 error npm  v3.5.3
44 error code E403
45 error "You cannot publish over the previously published version 0.0.4." : meteor-standalone-react-mixin
46 error If you need help, you may report this error at:
46 error     <https://github.com/npm/npm/issues>
47 verbose exit [ 1, true ]
